<?xml version="1.0" encoding="UTF-8"?>
<!-- Generated by org.testng.reporters.JUnitXMLReporter -->
<testsuite hostname="Ashok" ignored="0" name="Test1" tests="4" failures="1" timestamp="2023-02-04T21:45:23 IST" time="32.326" errors="0">
  <testcase name="VerifyLoginTest1" time="4.413" classname="com.vtg.auto.vtghometestnew.VTGHomeTest1">
    <failure type="java.lang.AssertionError" message="expected [tesing] but found [Gmail: Private and secure email at no cost | Google Workspace]">
      <![CDATA[java.lang.AssertionError: expected [tesing] but found [Gmail: Private and secure email at no cost | Google Workspace]
at com.vtg.auto.vtghometestnew.VTGHomeTest1.VerifyLoginTest1(VTGHomeTest1.java:46)
at java.util.ArrayList.forEach(Unknown Source)
at com.vtg.auto.driver.Driver.main(Driver.java:27)
... Removed 29 stack frames]]>
    </failure>
  </testcase> <!-- VerifyLoginTest1 -->
  <testcase name="VerifyLoginTest2" time="6.2" classname="com.vtg.auto.vtghometestnew.VTGHomeTest1"/>
  <testcase name="VerifyLoginTest3" time="4.597" classname="com.vtg.auto.vtghometestnew.VTGHomeTest1"/>
  <testcase name="VerifyLoginTest4" time="4.687" classname="com.vtg.auto.vtghometestnew.VTGHomeTest1"/>
</testsuite> <!-- Test1 -->
